#
# A fatal error has been detected by the Java Runtime Environment:
#
#  EXCEPTION_ACCESS_VIOLATION (0xc0000005) at pc=0x000000006e72a940, pid=5692, tid=0x0000000000003650
#
# JRE version: OpenJDK Runtime Environment (8.0_152-b01) (build 1.8.0_152-release-1248-b01)
# Java VM: OpenJDK 64-Bit Server VM (25.152-b01 mixed mode windows-amd64 compressed oops)
# Problematic frame:
# V  [jvm.dll+0x8a940]
#
# Failed to write core dump. Minidumps are not enabled by default on client versions of Windows
#
# If you would like to submit a bug report, please visit:
#   http://bugreport.java.com/bugreport/crash.jsp
#

---------------  T H R E A D  ---------------

Current thread (0x0000000002aef800):  GCTaskThread [stack: 0x00000000129a0000,0x0000000012aa0000] [id=13904]

siginfo: ExceptionCode=0xc0000005, reading address 0x0000000000000050

Registers:
RAX=0x0000000000000000, RBX=0x00000000fedb77a0, RCX=0x00000000fedb77a0, RDX=0x0000000000000048
RSP=0x0000000012a9f518, RBP=0x0000000011fedf81, RSI=0x0000000016744900, RDI=0x00000000abbf0020
R8 =0x0000000016744900, R9 =0x000000000000002f, R10=0x000000000000000c, R11=0x000000000000000c
R12=0x0000000011fedf5c, R13=0x00000000fedb77a8, R14=0x0000000000000000, R15=0x0000000002add880
RIP=0x000000006e72a940, EFLAGS=0x0000000000010206

Top of Stack: (sp=0x0000000012a9f518)
0x0000000012a9f518:   000000006ea6ca32 00000000fedbf788
0x0000000012a9f528:   0000000000000003 0000000016744900
0x0000000012a9f538:   00000000fd3c2fe0 00000000f778e1c0
0x0000000012a9f548:   000000006ea6d17b 00000000aefb5ab0
0x0000000012a9f558:   0000000000000400 0000000000000000
0x0000000012a9f568:   0000000016744900 0000000011fedf5c
0x0000000012a9f578:   000000006ea6cda0 00000000aefb6f64
0x0000000012a9f588:   0000000011fedf81 0000000016744900
0x0000000012a9f598:   00000000abbf0020 00000000aefb6f64
0x0000000012a9f5a8:   000000006ea6d945 00000000fd3f5d78
0x0000000012a9f5b8:   0000000011fb2581 0000000016744900
0x0000000012a9f5c8:   0000000000000004 0000000016744900
0x0000000012a9f5d8:   000000006e766f90 00000000a03062f4
0x0000000012a9f5e8:   000000006e78f747 0000000016744900
0x0000000012a9f5f8:   000000006e78d903 00000000abbef149
0x0000000012a9f608:   00000000abbef149 00000000abbeff2c 

Instructions: (pc=0x000000006e72a940)
0x000000006e72a920:   ac 50 1d 00 48 8b 9c 24 c0 00 00 00 48 81 c4 b0
0x000000006e72a930:   00 00 00 5d c3 cc cc cc cc cc cc cc cc cc cc cc
0x000000006e72a940:   44 8b 42 08 4c 8b ca 45 85 c0 7e 0e 41 f6 c0 01
0x000000006e72a950:   75 57 41 c1 f8 03 41 8b c0 c3 79 4d 80 3d 9e 10 


Register to memory mapping:

RAX=0x0000000000000000 is an unknown value
RBX=0x00000000fedb77a0 is an oop

[error occurred during error reporting (printing register info), id 0xc0000005]

Stack: [0x00000000129a0000,0x0000000012aa0000],  sp=0x0000000012a9f518,  free space=1021k
Native frames: (J=compiled Java code, j=interpreted, Vv=VM code, C=native code)
V  [jvm.dll+0x8a940]


---------------  P R O C E S S  ---------------

Java Threads: ( => current thread )
  0x0000000027dec800 JavaThread "ForkJoinPool.commonPool-worker-1" daemon [_thread_blocked, id=22416, stack(0x000000005f210000,0x000000005f310000)]
  0x0000000027dec000 JavaThread "ForkJoinPool.commonPool-worker-0" daemon [_thread_blocked, id=15924, stack(0x000000005f110000,0x000000005f210000)]
  0x0000000027deb000 JavaThread "ForkJoinPool.commonPool-worker-7" daemon [_thread_blocked, id=6872, stack(0x000000005f010000,0x000000005f110000)]
  0x0000000027dea800 JavaThread "ForkJoinPool.commonPool-worker-6" daemon [_thread_blocked, id=22288, stack(0x000000005ef10000,0x000000005f010000)]
  0x0000000027de3000 JavaThread "ForkJoinPool.commonPool-worker-5" daemon [_thread_blocked, id=22856, stack(0x000000005ee10000,0x000000005ef10000)]
  0x0000000027de5000 JavaThread "Cache worker for Build Output Cleanup Cache (E:\native-san_sfe\.gradle\buildOutputCleanup)" [_thread_blocked, id=11812, stack(0x000000005ed10000,0x000000005ee10000)]
  0x0000000027de4800 JavaThread "Cache worker for task history cache (E:\native-san_sfe\.gradle\4.10.1\taskHistory)" [_thread_blocked, id=23584, stack(0x000000005ec10000,0x000000005ed10000)]
  0x0000000027de9000 JavaThread "Task worker for ':' Thread 5" [_thread_blocked, id=1432, stack(0x000000005eb10000,0x000000005ec10000)]
  0x0000000027de1800 JavaThread "Task worker for ':' Thread 4" [_thread_blocked, id=23000, stack(0x000000005ea10000,0x000000005eb10000)]
  0x0000000027de7800 JavaThread "Task worker for ':' Thread 3" [_thread_blocked, id=18668, stack(0x000000005e910000,0x000000005ea10000)]
  0x0000000027ddf800 JavaThread "Task worker for ':' Thread 2" [_thread_blocked, id=23632, stack(0x000000005e810000,0x000000005e910000)]
  0x0000000027de3800 JavaThread "Task worker for ':'" [_thread_blocked, id=23256, stack(0x000000005e710000,0x000000005e810000)]
  0x000000001f51b800 JavaThread "Cache worker for file content cache (E:\native-san_sfe\.gradle\4.10.1\fileContent)" [_thread_blocked, id=15116, stack(0x000000005e610000,0x000000005e710000)]
  0x000000001f51a800 JavaThread "Build operations Thread 6" [_thread_blocked, id=19252, stack(0x000000005e510000,0x000000005e610000)]
  0x000000001f51c000 JavaThread "Build operations Thread 5" [_thread_blocked, id=20736, stack(0x000000005e410000,0x000000005e510000)]
  0x000000001f517000 JavaThread "Build operations Thread 4" [_thread_blocked, id=22600, stack(0x000000005e310000,0x000000005e410000)]
  0x000000001f516000 JavaThread "Build operations Thread 3" [_thread_blocked, id=22008, stack(0x000000005e210000,0x000000005e310000)]
  0x000000001f519000 JavaThread "Build operations Thread 2" [_thread_blocked, id=20628, stack(0x000000005e110000,0x000000005e210000)]
  0x000000001f518800 JavaThread "Build operations" [_thread_blocked, id=12876, stack(0x000000005e010000,0x000000005e110000)]
  0x000000001f50e800 JavaThread "Cache worker for cache directory md-rule (C:\Users\91984\.gradle\caches\4.10.1\md-rule)" [_thread_blocked, id=5060, stack(0x000000005df10000,0x000000005e010000)]
  0x000000001f514800 JavaThread "Cache worker for cache directory md-supplier (C:\Users\91984\.gradle\caches\4.10.1\md-supplier)" [_thread_blocked, id=8444, stack(0x000000005de10000,0x000000005df10000)]
  0x000000001f50e000 JavaThread "Cache worker for file hash cache (E:\native-san_sfe\.gradle\4.10.1\fileHashes)" [_thread_blocked, id=18256, stack(0x000000005dd10000,0x000000005de10000)]
  0x000000001f50d000 JavaThread "Stdin handler" [_thread_blocked, id=17188, stack(0x000000005dc10000,0x000000005dd10000)]
  0x000000001f514000 JavaThread "Asynchronous log dispatcher for DefaultDaemonConnection: socket connection from /127.0.0.1:60831 to /127.0.0.1:63677" [_thread_blocked, id=21692, stack(0x000000005db10000,0x000000005dc10000)]
  0x000000001f512800 JavaThread "Cancel handler" [_thread_blocked, id=11872, stack(0x000000005da10000,0x000000005db10000)]
  0x000000001f511800 JavaThread "Handler for socket connection from /127.0.0.1:60831 to /127.0.0.1:63677" [_thread_in_native, id=19064, stack(0x000000005d910000,0x000000005da10000)]
  0x000000001e1c9800 JavaThread "Daemon worker Thread 18" [_thread_blocked, id=13428, stack(0x0000000055a10000,0x0000000055b10000)]
  0x000000001e1cf000 JavaThread "Daemon Thread 18" [_thread_blocked, id=24400, stack(0x0000000055710000,0x0000000055810000)]
  0x000000001c0cd000 JavaThread "Cache worker for Java compile cache (C:\Users\91984\.gradle\caches\4.10.1\javaCompile)" [_thread_blocked, id=11624, stack(0x00000000272e0000,0x00000000273e0000)]
  0x0000000020009000 JavaThread "MarlinRenderer Disposer" daemon [_thread_blocked, id=11112, stack(0x00000000266e0000,0x00000000267e0000)]
  0x000000002000a800 JavaThread "Java2D Disposer" daemon [_thread_blocked, id=13648, stack(0x00000000265e0000,0x00000000266e0000)]
  0x0000000019a80000 JavaThread "Cache worker for file content cache (C:\Users\91984\.gradle\caches\4.10.1\fileContent)" [_thread_blocked, id=18940, stack(0x00000000257e0000,0x00000000258e0000)]
  0x0000000019a7f800 JavaThread "Memory manager" [_thread_blocked, id=23748, stack(0x00000000256e0000,0x00000000257e0000)]
  0x000000001c0c0000 JavaThread "Cache worker for Artifact transforms cache (C:\Users\91984\.gradle\caches\transforms-1)" [_thread_blocked, id=20396, stack(0x0000000021700000,0x0000000021800000)]
  0x000000001c0c1000 JavaThread "Cache worker for journal cache (C:\Users\91984\.gradle\caches\journal-1)" [_thread_blocked, id=22732, stack(0x000000001daf0000,0x000000001dbf0000)]
  0x0000000019a7b800 JavaThread "File lock request listener" [_thread_in_native, id=14924, stack(0x000000001c820000,0x000000001c920000)]
  0x0000000019a82800 JavaThread "Cache worker for file hash cache (C:\Users\91984\.gradle\caches\4.10.1\fileHashes)" [_thread_blocked, id=11924, stack(0x000000001c720000,0x000000001c820000)]
  0x0000000019a7d000 JavaThread "Daemon periodic checks" [_thread_blocked, id=20336, stack(0x000000001ac50000,0x000000001ad50000)]
  0x0000000019a7e800 JavaThread "Incoming local TCP Connector on port 60831" [_thread_in_native, id=23884, stack(0x000000001aa10000,0x000000001ab10000)]
  0x000000001679e800 JavaThread "Service Thread" daemon [_thread_blocked, id=15420, stack(0x0000000018b00000,0x0000000018c00000)]
  0x0000000016786800 JavaThread "C1 CompilerThread2" daemon [_thread_blocked, id=20624, stack(0x0000000018600000,0x0000000018700000)]
  0x0000000016783800 JavaThread "C2 CompilerThread1" daemon [_thread_blocked, id=22300, stack(0x0000000018500000,0x0000000018600000)]
  0x0000000016780000 JavaThread "C2 CompilerThread0" daemon [_thread_blocked, id=23060, stack(0x0000000018400000,0x0000000018500000)]
  0x000000001677d000 JavaThread "Attach Listener" daemon [_thread_blocked, id=21084, stack(0x0000000018300000,0x0000000018400000)]
  0x0000000016789800 JavaThread "Signal Dispatcher" daemon [_thread_blocked, id=20228, stack(0x0000000018200000,0x0000000018300000)]
  0x000000001676b800 JavaThread "Finalizer" daemon [_thread_blocked, id=21276, stack(0x0000000018000000,0x0000000018100000)]
  0x0000000002bc3000 JavaThread "Reference Handler" daemon [_thread_blocked, id=17400, stack(0x0000000017f00000,0x0000000018000000)]
  0x00000000028fe000 JavaThread "main" [_thread_blocked, id=18828, stack(0x00000000029d0000,0x0000000002ad0000)]

Other Threads:
  0x0000000016748000 VMThread [stack: 0x0000000017e00000,0x0000000017f00000] [id=17824]
  0x000000001876f800 WatcherThread [stack: 0x0000000018c00000,0x0000000018d00000] [id=20848]

=>0x0000000002aef800 (exited) GCTaskThread [stack: 0x00000000129a0000,0x0000000012aa0000] [id=13904]

VM state:at safepoint (normal execution)

VM Mutex/Monitor currently owned by a thread:  ([mutex/lock_event])
[0x00000000028fc9e0] Threads_lock - owner thread: 0x0000000016748000
[0x00000000028fca60] Heap_lock - owner thread: 0x0000000027dec000

Heap:
 PSYoungGen      total 423936K, used 423922K [0x00000000e0000000, 0x0000000100000000, 0x0000000100000000)
  eden space 377856K, 100% used [0x00000000e0000000,0x00000000f7100000,0x00000000f7100000)
  from space 46080K, 99% used [0x00000000fd180000,0x00000000ffe7c8e0,0x00000000ffe80000)
  to   space 73216K, 29% used [0x00000000f7100000,0x00000000f85f9f48,0x00000000fb880000)
 ParOldGen       total 467456K, used 269896K [0x00000000a0000000, 0x00000000bc880000, 0x00000000e0000000)
  object space 467456K, 57% used [0x00000000a0000000,0x00000000b07921e8,0x00000000bc880000)
 Metaspace       used 100246K, capacity 105892K, committed 107648K, reserved 1142784K
  class space    used 12228K, capacity 13293K, committed 13696K, reserved 1048576K

Card table byte_map: [0x0000000011f90000,0x00000000122a0000] byte_map_base: 0x0000000011a90000

Marking Bits: (ParMarkBitMap*) 0x000000006ee65aa0
 Begin Bits: [0x0000000012aa0000, 0x00000000142a0000)
 End Bits:   [0x00000000142a0000, 0x0000000015aa0000)

Polling page: 0x0000000001010000

CodeCache: size=245760Kb used=92898Kb max_used=92898Kb free=152861Kb
 bounds [0x0000000002bd0000, 0x0000000008710000, 0x0000000011bd0000]
 total_blobs=25089 nmethods=24077 adapters=922
 compilation: enabled

Compilation events (10 events):
Event: 11157.652 Thread 0x0000000016786800 35951       3       com.android.ide.common.resources.ResourceMergerItem::getFile (5 bytes)
Event: 11157.652 Thread 0x0000000016786800 nmethod 35951 0x00000000086a8ad0 code [0x00000000086a8c40, 0x00000000086a8f90]
Event: 11157.655 Thread 0x0000000016780000 35952       4       com.android.ide.common.resources.MergedResourceWriter::getFolderName (48 bytes)
Event: 11157.657 Thread 0x0000000016786800 35953       3       com.android.ide.common.resources.ResourceMerger::addMergedItem (47 bytes)
Event: 11157.658 Thread 0x0000000016786800 nmethod 35953 0x00000000060ea090 code [0x00000000060ea260, 0x00000000060eaa48]
Event: 11157.658 Thread 0x0000000016780000 nmethod 35952 0x0000000006fba090 code [0x0000000006fba200, 0x0000000006fba548]
Event: 11157.662 Thread 0x0000000016786800 35954       3       com.android.ide.common.vectordrawable.VdPath::setNameValue (410 bytes)
Event: 11157.663 Thread 0x0000000016783800 35955       4       com.sun.org.apache.xerces.internal.dom.CoreDocumentImpl::callUserDataHandlers (98 bytes)
Event: 11157.664 Thread 0x0000000016786800 nmethod 35954 0x000000000698b410 code [0x000000000698b9e0, 0x000000000698ef88]
Event: 11157.664 Thread 0x0000000016780000 35956       4       com.android.ide.common.blame.SourceFile::<init> (15 bytes)

GC Heap History (10 events):
Event: 11100.477 GC heap after
Heap after GC invocations=182 (full 8):
 PSYoungGen      total 459264K, used 5632K [0x00000000e0000000, 0x00000000ff880000, 0x0000000100000000)
  eden space 407040K, 0% used [0x00000000e0000000,0x00000000e0000000,0x00000000f8d80000)
  from space 52224K, 10% used [0x00000000fc580000,0x00000000fcb00010,0x00000000ff880000)
  to   space 54784K, 0% used [0x00000000f8d80000,0x00000000f8d80000,0x00000000fc300000)
 ParOldGen       total 467456K, used 171430K [0x00000000a0000000, 0x00000000bc880000, 0x00000000e0000000)
  object space 467456K, 36% used [0x00000000a0000000,0x00000000aa769b10,0x00000000bc880000)
 Metaspace       used 99889K, capacity 105392K, committed 107392K, reserved 1142784K
  class space    used 12182K, capacity 13231K, committed 13696K, reserved 1048576K
}
Event: 11100.596 GC heap before
{Heap before GC invocations=183 (full 8):
 PSYoungGen      total 459264K, used 412672K [0x00000000e0000000, 0x00000000ff880000, 0x0000000100000000)
  eden space 407040K, 100% used [0x00000000e0000000,0x00000000f8d80000,0x00000000f8d80000)
  from space 52224K, 10% used [0x00000000fc580000,0x00000000fcb00010,0x00000000ff880000)
  to   space 54784K, 0% used [0x00000000f8d80000,0x00000000f8d80000,0x00000000fc300000)
 ParOldGen       total 467456K, used 171430K [0x00000000a0000000, 0x00000000bc880000, 0x00000000e0000000)
  object space 467456K, 36% used [0x00000000a0000000,0x00000000aa769b10,0x00000000bc880000)
 Metaspace       used 99895K, capacity 105392K, committed 107392K, reserved 1142784K
  class space    used 12182K, capacity 13231K, committed 13696K, reserved 1048576K
Event: 11100.601 GC heap after
Heap after GC invocations=183 (full 8):
 PSYoungGen      total 461824K, used 6528K [0x00000000e0000000, 0x00000000ffd80000, 0x0000000100000000)
  eden space 407040K, 0% used [0x00000000e0000000,0x00000000e0000000,0x00000000f8d80000)
  from space 54784K, 11% used [0x00000000f8d80000,0x00000000f93e0010,0x00000000fc300000)
  to   space 52224K, 0% used [0x00000000fca80000,0x00000000fca80000,0x00000000ffd80000)
 ParOldGen       total 467456K, used 175339K [0x00000000a0000000, 0x00000000bc880000, 0x00000000e0000000)
  object space 467456K, 37% used [0x00000000a0000000,0x00000000aab3adc0,0x00000000bc880000)
 Metaspace       used 99895K, capacity 105392K, committed 107392K, reserved 1142784K
  class space    used 12182K, capacity 13231K, committed 13696K, reserved 1048576K
}
Event: 11100.816 GC heap before
{Heap before GC invocations=184 (full 8):
 PSYoungGen      total 461824K, used 413568K [0x00000000e0000000, 0x00000000ffd80000, 0x0000000100000000)
  eden space 407040K, 100% used [0x00000000e0000000,0x00000000f8d80000,0x00000000f8d80000)
  from space 54784K, 11% used [0x00000000f8d80000,0x00000000f93e0010,0x00000000fc300000)
  to   space 52224K, 0% used [0x00000000fca80000,0x00000000fca80000,0x00000000ffd80000)
 ParOldGen       total 467456K, used 175339K [0x00000000a0000000, 0x00000000bc880000, 0x00000000e0000000)
  object space 467456K, 37% used [0x00000000a0000000,0x00000000aab3adc0,0x00000000bc880000)
 Metaspace       used 99895K, capacity 105392K, committed 107392K, reserved 1142784K
  class space    used 12182K, capacity 13231K, committed 13696K, reserved 1048576K
Event: 11100.824 GC heap after
Heap after GC invocations=184 (full 8):
 PSYoungGen      total 462336K, used 14064K [0x00000000e0000000, 0x00000000ff680000, 0x0000000100000000)
  eden space 417280K, 0% used [0x00000000e0000000,0x00000000e0000000,0x00000000f9780000)
  from space 45056K, 31% used [0x00000000fca80000,0x00000000fd83c0a8,0x00000000ff680000)
  to   space 48640K, 0% used [0x00000000f9780000,0x00000000f9780000,0x00000000fc700000)
 ParOldGen       total 467456K, used 180554K [0x00000000a0000000, 0x00000000bc880000, 0x00000000e0000000)
  object space 467456K, 38% used [0x00000000a0000000,0x00000000ab052bc8,0x00000000bc880000)
 Metaspace       used 99895K, capacity 105392K, committed 107392K, reserved 1142784K
  class space    used 12182K, capacity 13231K, committed 13696K, reserved 1048576K
}
Event: 11102.442 GC heap before
{Heap before GC invocations=185 (full 8):
 PSYoungGen      total 462336K, used 431344K [0x00000000e0000000, 0x00000000ff680000, 0x0000000100000000)
  eden space 417280K, 100% used [0x00000000e0000000,0x00000000f9780000,0x00000000f9780000)
  from space 45056K, 31% used [0x00000000fca80000,0x00000000fd83c0a8,0x00000000ff680000)
  to   space 48640K, 0% used [0x00000000f9780000,0x00000000f9780000,0x00000000fc700000)
 ParOldGen       total 467456K, used 180554K [0x00000000a0000000, 0x00000000bc880000, 0x00000000e0000000)
  object space 467456K, 38% used [0x00000000a0000000,0x00000000ab052bc8,0x00000000bc880000)
 Metaspace       used 99896K, capacity 105392K, committed 107392K, reserved 1142784K
  class space    used 12182K, capacity 13231K, committed 13696K, reserved 1048576K
Event: 11102.448 GC heap after
Heap after GC invocations=185 (full 8):
 PSYoungGen      total 465920K, used 7232K [0x00000000e0000000, 0x00000000ffe80000, 0x0000000100000000)
  eden space 417280K, 0% used [0x00000000e0000000,0x00000000e0000000,0x00000000f9780000)
  from space 48640K, 14% used [0x00000000f9780000,0x00000000f9e900a8,0x00000000fc700000)
  to   space 46080K, 0% used [0x00000000fd180000,0x00000000fd180000,0x00000000ffe80000)
 ParOldGen       total 467456K, used 188141K [0x00000000a0000000, 0x00000000bc880000, 0x00000000e0000000)
  object space 467456K, 40% used [0x00000000a0000000,0x00000000ab7bb440,0x00000000bc880000)
 Metaspace       used 99896K, capacity 105392K, committed 107392K, reserved 1142784K
  class space    used 12182K, capacity 13231K, committed 13696K, reserved 1048576K
}
Event: 11103.481 GC heap before
{Heap before GC invocations=186 (full 8):
 PSYoungGen      total 465920K, used 420691K [0x00000000e0000000, 0x00000000ffe80000, 0x0000000100000000)
  eden space 417280K, 99% used [0x00000000e0000000,0x00000000f93c4e20,0x00000000f9780000)
  from space 48640K, 14% used [0x00000000f9780000,0x00000000f9e900a8,0x00000000fc700000)
  to   space 46080K, 0% used [0x00000000fd180000,0x00000000fd180000,0x00000000ffe80000)
 ParOldGen       total 467456K, used 188141K [0x00000000a0000000, 0x00000000bc880000, 0x00000000e0000000)
  object space 467456K, 40% used [0x00000000a0000000,0x00000000ab7bb440,0x00000000bc880000)
 Metaspace       used 99896K, capacity 105392K, committed 107392K, reserved 1142784K
  class space    used 12182K, capacity 13231K, committed 13696K, reserved 1048576K
Event: 11103.527 GC heap after
Heap after GC invocations=186 (full 8):
 PSYoungGen      total 423936K, used 46066K [0x00000000e0000000, 0x0000000100000000, 0x0000000100000000)
  eden space 377856K, 0% used [0x00000000e0000000,0x00000000e0000000,0x00000000f7100000)
  from space 46080K, 99% used [0x00000000fd180000,0x00000000ffe7c8e0,0x00000000ffe80000)
  to   space 73216K, 0% used [0x00000000f7100000,0x00000000f7100000,0x00000000fb880000)
 ParOldGen       total 467456K, used 236856K [0x00000000a0000000, 0x00000000bc880000, 0x00000000e0000000)
  object space 467456K, 50% used [0x00000000a0000000,0x00000000ae74e158,0x00000000bc880000)
 Metaspace       used 99896K, capacity 105392K, committed 107392K, reserved 1142784K
  class space    used 12182K, capacity 13231K, committed 13696K, reserved 1048576K
}
Event: 11157.664 GC heap before
{Heap before GC invocations=187 (full 8):
 PSYoungGen      total 423936K, used 423922K [0x00000000e0000000, 0x0000000100000000, 0x0000000100000000)
  eden space 377856K, 100% used [0x00000000e0000000,0x00000000f7100000,0x00000000f7100000)
  from space 46080K, 99% used [0x00000000fd180000,0x00000000ffe7c8e0,0x00000000ffe80000)
  to   space 73216K, 0% used [0x00000000f7100000,0x00000000f7100000,0x00000000fb880000)
 ParOldGen       total 467456K, used 236856K [0x00000000a0000000, 0x00000000bc880000, 0x00000000e0000000)
  object space 467456K, 50% used [0x00000000a0000000,0x00000000ae74e158,0x00000000bc880000)
 Metaspace       used 100246K, capacity 105892K, committed 107648K, reserved 1142784K
  class space    used 12228K, capacity 13293K, committed 13696K, reserved 1048576K

Deoptimization events (10 events):
Event: 11104.062 Thread 0x000000001f50e800 Uncommon trap: reason=unstable_if action=reinterpret pc=0x0000000003a18360 method=org.gradle.execution.taskgraph.WorkInfo.isComplete()Z @ 17
Event: 11104.064 Thread 0x000000001e1c9800 Uncommon trap: reason=unstable_if action=reinterpret pc=0x0000000007017f94 method=org.gradle.internal.operations.DefaultBuildOperationExecutor.execute(Lorg/gradle/internal/operations/BuildOperation;Lorg/gradle/internal/operations/BuildOperationWorker;Lorg
Event: 11104.628 Thread 0x000000001e1c9800 Uncommon trap: reason=bimorphic action=maybe_recompile pc=0x0000000003511b5c method=org.gradle.internal.logging.text.AbstractStyledTextOutput.text(Ljava/lang/Object;)Lorg/gradle/internal/logging/text/StyledTextOutput; @ 11
Event: 11104.632 Thread 0x000000001e1c9800 Uncommon trap: reason=unstable_if action=reinterpret pc=0x0000000007017f94 method=org.gradle.internal.operations.DefaultBuildOperationExecutor.execute(Lorg/gradle/internal/operations/BuildOperation;Lorg/gradle/internal/operations/BuildOperationWorker;Lorg
Event: 11104.645 Thread 0x000000001c0c5800 Uncommon trap: reason=class_check action=maybe_recompile pc=0x0000000007454740 method=java.util.AbstractList.add(Ljava/lang/Object;)Z @ 2
Event: 11104.664 Thread 0x000000001e1cf000 Uncommon trap: reason=class_check action=maybe_recompile pc=0x0000000006455194 method=java.io.ObjectOutputStream.writeObject0(Ljava/lang/Object;Z)V @ 240
Event: 11104.664 Thread 0x000000001e1cf000 Uncommon trap: reason=unstable_if action=reinterpret pc=0x0000000004099ebc method=org.gradle.internal.serialize.ExceptionReplacingObjectOutputStream.doReplaceObject(Ljava/lang/Object;)Ljava/lang/Object; @ 4
Event: 11104.665 Thread 0x000000001e1cf000 Uncommon trap: reason=class_check action=maybe_recompile pc=0x0000000006455194 method=java.io.ObjectOutputStream.writeObject0(Ljava/lang/Object;Z)V @ 240
Event: 11104.666 Thread 0x000000001e1cf000 Uncommon trap: reason=class_check action=maybe_recompile pc=0x0000000006455194 method=java.io.ObjectOutputStream.writeObject0(Ljava/lang/Object;Z)V @ 240
Event: 11104.666 Thread 0x000000001e1cf000 Uncommon trap: reason=class_check action=maybe_recompile pc=0x0000000006455194 method=java.io.ObjectOutputStream.writeObject0(Ljava/lang/Object;Z)V @ 240

Classes redefined (0 events):
No events

Internal exceptions (10 events):
Event: 11157.021 Thread 0x000000001e1c9800 Exception <a 'sun/nio/fs/WindowsException'> (0x00000000ed66c988) thrown at [D:\src\AOSP-openjdk-cygwin\jdk8u\hotspot\src\share\vm\prims\jni.cpp, line 709]
Event: 11157.021 Thread 0x000000001e1c9800 Exception <a 'sun/nio/fs/WindowsException'> (0x00000000ed66d540) thrown at [D:\src\AOSP-openjdk-cygwin\jdk8u\hotspot\src\share\vm\prims\jni.cpp, line 709]
Event: 11157.021 Thread 0x000000001e1c9800 Exception <a 'sun/nio/fs/WindowsException'> (0x00000000ed66f748) thrown at [D:\src\AOSP-openjdk-cygwin\jdk8u\hotspot\src\share\vm\prims\jni.cpp, line 709]
Event: 11157.021 Thread 0x000000001e1c9800 Exception <a 'sun/nio/fs/WindowsException'> (0x00000000ed670320) thrown at [D:\src\AOSP-openjdk-cygwin\jdk8u\hotspot\src\share\vm\prims\jni.cpp, line 709]
Event: 11157.021 Thread 0x000000001e1c9800 Exception <a 'sun/nio/fs/WindowsException'> (0x00000000ed673a18) thrown at [D:\src\AOSP-openjdk-cygwin\jdk8u\hotspot\src\share\vm\prims\jni.cpp, line 709]
Event: 11157.021 Thread 0x000000001e1c9800 Exception <a 'sun/nio/fs/WindowsException'> (0x00000000ed674600) thrown at [D:\src\AOSP-openjdk-cygwin\jdk8u\hotspot\src\share\vm\prims\jni.cpp, line 709]
Event: 11157.021 Thread 0x000000001e1c9800 Exception <a 'sun/nio/fs/WindowsException'> (0x00000000ed676880) thrown at [D:\src\AOSP-openjdk-cygwin\jdk8u\hotspot\src\share\vm\prims\jni.cpp, line 709]
Event: 11157.021 Thread 0x000000001e1c9800 Exception <a 'sun/nio/fs/WindowsException'> (0x00000000ed677478) thrown at [D:\src\AOSP-openjdk-cygwin\jdk8u\hotspot\src\share\vm\prims\jni.cpp, line 709]
Event: 11157.225 Thread 0x0000000027de3800 Exception <a 'sun/nio/fs/WindowsException'> (0x00000000efba6e98) thrown at [D:\src\AOSP-openjdk-cygwin\jdk8u\hotspot\src\share\vm\prims\jni.cpp, line 709]
Event: 11157.227 Thread 0x0000000027de3800 Exception <a 'sun/nio/fs/WindowsException'> (0x00000000efbbbc80) thrown at [D:\src\AOSP-openjdk-cygwin\jdk8u\hotspot\src\share\vm\prims\jni.cpp, line 709]

Events (10 events):
Event: 11157.069 Executing VM operation: BulkRevokeBias
Event: 11157.069 Executing VM operation: BulkRevokeBias done
Event: 11157.652 Thread 0x0000000027de3000 Thread added: 0x0000000027de3000
Event: 11157.652 Thread 0x0000000027dea800 Thread added: 0x0000000027dea800
Event: 11157.652 Thread 0x0000000027deb000 Thread added: 0x0000000027deb000
Event: 11157.652 Thread 0x0000000027dec000 Thread added: 0x0000000027dec000
Event: 11157.652 Thread 0x0000000027dec800 Thread added: 0x0000000027dec800
Event: 11157.653 Executing VM operation: RevokeBias
Event: 11157.653 Executing VM operation: RevokeBias done
Event: 11157.664 Executing VM operation: ParallelGCFailedAllocation


Dynamic libraries:
0x00007ff63ab60000 - 0x00007ff63ab91000 	C:\Program Files\Android\Android Studio\jre\bin\java.exe
0x00007ff8fbda0000 - 0x00007ff8fbf8d000 	C:\Windows\SYSTEM32\ntdll.dll
0x00007ff8dd940000 - 0x00007ff8dd954000 	C:\Program Files\AVAST Software\Avast\aswhook.dll
0x00007ff8f9660000 - 0x00007ff8f9713000 	C:\Windows\System32\KERNEL32.DLL
0x00007ff8f7eb0000 - 0x00007ff8f8143000 	C:\Windows\System32\KERNELBASE.dll
0x00007ff8f95b0000 - 0x00007ff8f9653000 	C:\Windows\System32\ADVAPI32.dll
0x00007ff8fb920000 - 0x00007ff8fb9be000 	C:\Windows\System32\msvcrt.dll
0x00007ff8fbcd0000 - 0x00007ff8fbd6e000 	C:\Windows\System32\sechost.dll
0x00007ff8fada0000 - 0x00007ff8faec2000 	C:\Windows\System32\RPCRT4.dll
0x00007ff8fbb30000 - 0x00007ff8fbcc7000 	C:\Windows\System32\USER32.dll
0x00007ff8f8f40000 - 0x00007ff8f8f60000 	C:\Windows\System32\win32u.dll
0x00007ff8fb670000 - 0x00007ff8fb699000 	C:\Windows\System32\GDI32.dll
0x00007ff8f83b0000 - 0x00007ff8f8549000 	C:\Windows\System32\gdi32full.dll
0x00007ff8f8ea0000 - 0x00007ff8f8f40000 	C:\Windows\System32\msvcp_win.dll
0x00007ff8f8550000 - 0x00007ff8f864a000 	C:\Windows\System32\ucrtbase.dll
0x00007ff8e7e90000 - 0x00007ff8e8109000 	C:\Windows\WinSxS\amd64_microsoft.windows.common-controls_6595b64144ccf1df_6.0.17763.973_none_05b245900721eb81\COMCTL32.dll
0x00007ff8faf30000 - 0x00007ff8fb25c000 	C:\Windows\System32\combase.dll
0x00007ff8f8150000 - 0x00007ff8f81ce000 	C:\Windows\System32\bcryptPrimitives.dll
0x00007ff8f97f0000 - 0x00007ff8f981e000 	C:\Windows\System32\IMM32.DLL
0x000000006e4e0000 - 0x000000006e5b2000 	C:\Program Files\Android\Android Studio\jre\jre\bin\msvcr100.dll
0x000000006e6a0000 - 0x000000006eee1000 	C:\Program Files\Android\Android Studio\jre\jre\bin\server\jvm.dll
0x00007ff8fb260000 - 0x00007ff8fb268000 	C:\Windows\System32\PSAPI.DLL
0x00007ff8efd80000 - 0x00007ff8efd89000 	C:\Windows\SYSTEM32\WSOCK32.dll
0x00007ff8fb270000 - 0x00007ff8fb2dd000 	C:\Windows\System32\WS2_32.dll
0x00007ff8e7e00000 - 0x00007ff8e7e24000 	C:\Windows\SYSTEM32\WINMM.dll
0x00007ff8f3550000 - 0x00007ff8f355a000 	C:\Windows\SYSTEM32\VERSION.dll
0x00007ff8ec4a0000 - 0x00007ff8ec4cd000 	C:\Windows\SYSTEM32\WINMMBASE.dll
0x00007ff8f7e60000 - 0x00007ff8f7eaa000 	C:\Windows\System32\cfgmgr32.dll
0x00007ff8f1770000 - 0x00007ff8f177f000 	C:\Program Files\Android\Android Studio\jre\jre\bin\verify.dll
0x00007ff8e4e00000 - 0x00007ff8e4e29000 	C:\Program Files\Android\Android Studio\jre\jre\bin\java.dll
0x00007ff8e6f00000 - 0x00007ff8e6f16000 	C:\Program Files\Android\Android Studio\jre\jre\bin\zip.dll
0x00007ff8f9820000 - 0x00007ff8fad14000 	C:\Windows\System32\SHELL32.dll
0x00007ff8f8fc0000 - 0x00007ff8f9068000 	C:\Windows\System32\shcore.dll
0x00007ff8f8700000 - 0x00007ff8f8e4d000 	C:\Windows\System32\windows.storage.dll
0x00007ff8f7e10000 - 0x00007ff8f7e34000 	C:\Windows\System32\profapi.dll
0x00007ff8f7db0000 - 0x00007ff8f7e0d000 	C:\Windows\System32\powrprof.dll
0x00007ff8f90d0000 - 0x00007ff8f9122000 	C:\Windows\System32\shlwapi.dll
0x00007ff8f7d90000 - 0x00007ff8f7da1000 	C:\Windows\System32\kernel.appcore.dll
0x00007ff8f8e50000 - 0x00007ff8f8e67000 	C:\Windows\System32\cryptsp.dll
0x00007ff8e42d0000 - 0x00007ff8e42ea000 	C:\Program Files\Android\Android Studio\jre\jre\bin\net.dll
0x00007ff8f75a0000 - 0x00007ff8f7607000 	C:\Windows\system32\mswsock.dll
0x00007ff8e42b0000 - 0x00007ff8e42c1000 	C:\Program Files\Android\Android Studio\jre\jre\bin\nio.dll
0x00007ff8f19f0000 - 0x00007ff8f1a0e000 	C:\Users\91984\.gradle\native\25\windows-amd64\native-platform.dll
0x00007ff8f16b0000 - 0x00007ff8f16bd000 	C:\Program Files\Android\Android Studio\jre\jre\bin\management.dll
0x00007ff8f7120000 - 0x00007ff8f7153000 	C:\Windows\system32\rsaenh.dll
0x00007ff8f8e70000 - 0x00007ff8f8e96000 	C:\Windows\System32\bcrypt.dll
0x00007ff8f7cc0000 - 0x00007ff8f7ce8000 	C:\Windows\SYSTEM32\USERENV.dll
0x00007ff8f7770000 - 0x00007ff8f777c000 	C:\Windows\SYSTEM32\CRYPTBASE.dll
0x00007ff8f72c0000 - 0x00007ff8f72fd000 	C:\Windows\SYSTEM32\IPHLPAPI.DLL
0x00007ff8fbb20000 - 0x00007ff8fbb28000 	C:\Windows\System32\NSI.dll
0x00007ff8f4590000 - 0x00007ff8f45a6000 	C:\Windows\SYSTEM32\dhcpcsvc6.DLL
0x00007ff8f4570000 - 0x00007ff8f458c000 	C:\Windows\SYSTEM32\dhcpcsvc.DLL
0x00007ff8f7300000 - 0x00007ff8f73c6000 	C:\Windows\SYSTEM32\DNSAPI.dll
0x00007ff8b79b0000 - 0x00007ff8b7b47000 	C:\Program Files\Android\Android Studio\jre\jre\bin\awt.dll
0x00007ff8f9720000 - 0x00007ff8f97e4000 	C:\Windows\System32\OLEAUT32.dll
0x00007ff8f55d0000 - 0x00007ff8f5b8e000 	C:\Windows\SYSTEM32\d2d1.dll
0x00007ff8f62d0000 - 0x00007ff8f635c000 	C:\Windows\SYSTEM32\apphelp.dll
0x00007ff8f6660000 - 0x00007ff8f668e000 	C:\Windows\system32\DWMAPI.DLL
0x00007ff8f81d0000 - 0x00007ff8f83ac000 	C:\Windows\System32\CRYPT32.dll
0x00007ff8f7e40000 - 0x00007ff8f7e52000 	C:\Windows\System32\MSASN1.dll
0x00007ff8f6590000 - 0x00007ff8f662c000 	C:\Windows\system32\uxtheme.dll
0x00007ff8f6e00000 - 0x00007ff8f6e31000 	C:\Windows\SYSTEM32\ntmarta.dll
0x00007ff8d6f70000 - 0x00007ff8d6f94000 	C:\Program Files\Android\Android Studio\jre\jre\bin\sunec.dll
0x00007ff8f3400000 - 0x00007ff8f340a000 	C:\Windows\System32\rasadhlp.dll
0x00007ff8f3190000 - 0x00007ff8f3209000 	C:\Windows\System32\fwpuclnt.dll
0x00007ff8eb0c0000 - 0x00007ff8eb0cb000 	C:\Program Files\Android\Android Studio\jre\jre\bin\sunmscapi.dll
0x00007ff8f24c0000 - 0x00007ff8f26ad000 	C:\Windows\SYSTEM32\dbghelp.dll

VM Arguments:
jvm_args: -Xmx1536m -Dfile.encoding=windows-1252 -Duser.country=US -Duser.language=en -Duser.variant 
java_command: org.gradle.launcher.daemon.bootstrap.GradleDaemon 4.10.1
java_class_path (initial): C:\Users\91984\.gradle\wrapper\dists\gradle-4.10.1-all\455itskqi2qtf0v2sja68alqd\gradle-4.10.1\lib\gradle-launcher-4.10.1.jar
Launcher Type: SUN_STANDARD

Environment Variables:
PATH=C:\Program Files (x86)\Intel\Intel(R) Management Engine Components\iCLS\;C:\Program Files\Intel\Intel(R) Management Engine Components\iCLS\;C:\Windows\system32;C:\Windows;C:\Windows\System32\Wbem;C:\Windows\System32\WindowsPowerShell\v1.0\;C:\Windows\System32\OpenSSH\;C:\Program Files (x86)\Intel\Intel(R) Management Engine Components\DAL;C:\Program Files\Intel\Intel(R) Management Engine Components\DAL;c:\Program Files (x86)\Microsoft SQL Server\110\Tools\Binn\ManagementStudio\;c:\Program Files (x86)\Microsoft SQL Server\110\Tools\Binn\;c:\Program Files (x86)\Microsoft SQL Server\110\DTS\Binn\;C:\Program Files\dotnet\;C:\Program Files\Microsoft SQL Server\130\Tools\Binn\;C:\Users\91984\AppData\Local\Microsoft\WindowsApps;
USERNAME=91984
OS=Windows_NT
PROCESSOR_IDENTIFIER=Intel64 Family 6 Model 158 Stepping 10, GenuineIntel



---------------  S Y S T E M  ---------------

OS: Windows 10.0 , 64 bit Build 17763 (10.0.17763.475)

CPU:total 6 (initial active 6) (6 cores per cpu, 1 threads per core) family 6 model 158 stepping 10, cmov, cx8, fxsr, mmx, sse, sse2, sse3, ssse3, sse4.1, sse4.2, popcnt, avx, avx2, aes, clmul, erms, rtm, 3dnowpref, lzcnt, tsc, tscinvbit, bmi1, bmi2, adx

Memory: 4k page, physical 12374224k(2326324k free), swap 22335696k(7564216k free)

vm_info: OpenJDK 64-Bit Server VM (25.152-b01) for windows-amd64 JRE (1.8.0_152-release-1248-b01), built by "builder" with MS VC++ 10.0 (VS2010)

time: Thu Jan 23 13:55:03 2020
elapsed time: 11157 seconds (0d 3h 5m 57s)

